2023-04-13 18:40:51 - [32minfo[39m: [32mServer listening on port: [39m
2023-04-13 18:42:01 - [32minfo[39m: [32m=`Server listening on port: [39m
2023-04-13 18:42:18 - [32minfo[39m: [32mServer listening on port: 3000[39m
2023-04-13 18:43:58 - [32minfo[39m: [32mServer listening on port: 3000[39m
2023-04-13 18:44:02 - [32minfo[39m: [32mServer listening on port: 3000[39m
2023-04-13 18:44:09 - [32minfo[39m: [32mConnected to Database![39m
2023-04-13 18:44:09 - [32minfo[39m: [32mServer listening on port: 3000[39m
2023-04-13 18:44:24 - [32minfo[39m: [32mConnected to Database![39m
2023-04-13 18:44:24 - [32minfo[39m: [32mServer listening on port: 3000[39m
2023-04-13 18:44:37 - [32minfo[39m: [32mConnected to Database![39m
2023-04-13 18:44:37 - [32minfo[39m: [32mServer listening on port: 3000[39m
2023-04-13 18:45:18 - [32minfo[39m: [32mConnected to Database![39m
2023-04-13 18:45:18 - [32minfo[39m: [32mServer listening on port: 3000[39m
2023-04-13 18:45:25 - [32minfo[39m: [32mConnected to Database![39m
2023-04-13 18:45:25 - [32minfo[39m: [32mServer listening on port: 3000[39m
2023-04-13 18:45:32 - [32minfo[39m: [32mConnected to Database![39m
2023-04-13 18:45:32 - [32minfo[39m: [32mServer listening on port: 3000[39m
2023-04-13 18:45:37 - [32minfo[39m: [32mConnected to Database![39m
2023-04-13 18:45:37 - [32minfo[39m: [32mServer listening on port: 3000[39m
2023-04-13 18:45:39 - [31merror[39m: [31mConnection failure[39m
2023-04-13 18:45:39 - [31merror[39m: [31mError: MongoParseError: Invalid scheme, expected connection string to start with "mongodb://" or "mongodb+srv://"[39m
2023-04-13 18:45:39 - [32minfo[39m: [32mServer listening on port: 3000[39m
2023-04-13 18:45:47 - [32minfo[39m: [32mConnected to Database![39m
2023-04-13 18:45:47 - [32minfo[39m: [32mServer listening on port: 3000[39m
2023-04-13 18:46:16 - [32minfo[39m: [32mConnected to Database![39m
2023-04-13 18:46:16 - [32minfo[39m: [32mServer listening on port: 3000[39m
2023-04-13 19:19:39 - [32minfo[39m: [32mConnected to Database![39m
2023-04-13 19:19:39 - [32minfo[39m: [32mServer listening on port: 3000[39m
2023-04-13 19:19:59 - [32minfo[39m: [32mConnected to Database![39m
2023-04-13 19:19:59 - [32minfo[39m: [32mServer listening on port: 3000[39m
2023-04-13 19:20:28 - [35mhttp[39m: [35mGET /api/test 200 20 - 3.386 ms[39m
[35m[39m
2023-04-13 19:20:29 - [32minfo[39m: [32mConnected to Database![39m
2023-04-13 19:20:29 - [32minfo[39m: [32mServer listening on port: 3000[39m
2023-04-13 20:06:29 - [32minfo[39m: [32mConnected to Database![39m
2023-04-13 20:06:29 - [32minfo[39m: [32mServer listening on port: 3000[39m
2023-04-13 20:06:36 - [32minfo[39m: [32mConnected to Database![39m
2023-04-13 20:06:36 - [32minfo[39m: [32mServer listening on port: 3000[39m
2023-04-13 20:06:51 - [32minfo[39m: [32mConnected to Database![39m
2023-04-13 20:06:51 - [32minfo[39m: [32mServer listening on port: 3000[39m
2023-04-13 20:07:06 - [32minfo[39m: [32mConnected to Database![39m
2023-04-13 20:07:06 - [32minfo[39m: [32mServer listening on port: 3000[39m
2023-04-13 20:09:00 - [35mhttp[39m: [35mPOST /api/movie 200 13 - 2.254 ms[39m
[35m[39m
2023-04-13 20:09:29 - [32minfo[39m: [32mConnected to Database![39m
2023-04-13 20:09:29 - [32minfo[39m: [32mServer listening on port: 3000[39m
2023-04-13 20:13:41 - [32minfo[39m: [32mConnected to Database![39m
2023-04-13 20:13:41 - [32minfo[39m: [32mServer listening on port: 3000[39m
2023-04-13 20:13:43 - [32minfo[39m: [32mConnected to Database![39m
2023-04-13 20:13:43 - [32minfo[39m: [32mServer listening on port: 3000[39m
2023-04-13 20:13:48 - [32minfo[39m: [32mConnected to Database![39m
2023-04-13 20:13:48 - [32minfo[39m: [32mServer listening on port: 3000[39m
2023-04-13 20:13:51 - [32minfo[39m: [32mConnected to Database![39m
2023-04-13 20:13:51 - [32minfo[39m: [32mServer listening on port: 3000[39m
2023-04-13 20:14:14 - [32minfo[39m: [32mConnected to Database![39m
2023-04-13 20:14:14 - [32minfo[39m: [32mServer listening on port: 3000[39m
2023-04-13 20:14:31 - [32minfo[39m: [32mConnected to Database![39m
2023-04-13 20:14:31 - [32minfo[39m: [32mServer listening on port: 3000[39m
2023-04-13 20:16:07 - [31merror[39m: [31mSystem error: undefined[39m
2023-04-13 20:16:20 - [35mhttp[39m: [35mPOST /api/movie - - - - ms[39m
[35m[39m
2023-04-13 20:18:04 - [31merror[39m: [31mSystem error: undefined[39m
2023-04-13 20:18:13 - [35mhttp[39m: [35mPOST /api/movie - - - - ms[39m
[35m[39m
2023-04-13 20:19:05 - [32minfo[39m: [32mConnected to Database![39m
2023-04-13 20:19:05 - [32minfo[39m: [32mServer listening on port: 3000[39m
2023-04-13 20:19:07 - [31merror[39m: [31mSystem error: undefined[39m
2023-04-13 20:19:11 - [35mhttp[39m: [35mPOST /api/movie - - - - ms[39m
[35m[39m
2023-04-13 20:20:30 - [32minfo[39m: [32mConnected to Database![39m
2023-04-13 20:20:30 - [32minfo[39m: [32mServer listening on port: 3000[39m
2023-04-13 20:20:34 - [32minfo[39m: [32mConnected to Database![39m
2023-04-13 20:20:34 - [32minfo[39m: [32mServer listening on port: 3000[39m
2023-04-13 20:20:38 - [31merror[39m: [31mSystem error: undefined[39m
2023-04-13 20:20:41 - [35mhttp[39m: [35mPOST /api/movie - - - - ms[39m
[35m[39m
2023-04-13 20:20:51 - [32minfo[39m: [32mConnected to Database![39m
2023-04-13 20:20:51 - [32minfo[39m: [32mServer listening on port: 3000[39m
2023-04-13 20:21:03 - [31merror[39m: [31mSystem error: undefined[39m
2023-04-13 20:21:07 - [35mhttp[39m: [35mPOST /api//movie - - - - ms[39m
[35m[39m
2023-04-13 20:21:12 - [31merror[39m: [31mSystem error: undefined[39m
2023-04-13 20:22:27 - [35mhttp[39m: [35mPOST /api/movie - - - - ms[39m
[35m[39m
2023-04-13 20:29:38 - [35mhttp[39m: [35mPOST /api/movie - - - - ms[39m
[35m[39m
2023-04-13 20:29:43 - [31merror[39m: [31mSystem error: undefined[39m
2023-04-13 20:30:19 - [31merror[39m: [31mConnection failure[39m
2023-04-13 20:31:47 - [35mhttp[39m: [35mPOST /api/movie 200 26 - 2.627 ms[39m
[35m[39m
2023-04-13 20:32:34 - [31merror[39m: [31mConnection failure[39m
2023-04-13 20:34:54 - [31merror[39m: [31mConnection failure[39m
2023-04-13 20:35:43 - [35mhttp[39m: [35mGET /api/movie 404 148 - 3.858 ms[39m
[35m[39m
2023-04-13 20:35:50 - [31merror[39m: [31mConnection failure[39m
2023-04-13 20:38:50 - [35mhttp[39m: [35mPOST /api/movie 404 149 - 2.024 ms[39m
[35m[39m
2023-04-13 20:39:09 - [35mhttp[39m: [35mPOST /api/movie 404 149 - 2.185 ms[39m
[35m[39m
2023-04-13 20:39:21 - [35mhttp[39m: [35mPOST /api/movie - - - - ms[39m
[35m[39m
2023-04-13 20:39:27 - [31merror[39m: [31mSystem error: undefined[39m
2023-04-13 20:39:34 - [35mhttp[39m: [35mPOST /api/movie - - - - ms[39m
[35m[39m
2023-04-13 20:39:36 - [31merror[39m: [31mSystem error: undefined[39m
2023-04-13 20:39:45 - [31merror[39m: [31mConnection failure[39m
2023-04-13 20:43:17 - [31merror[39m: [31mSystem error: undefined[39m
2023-04-13 20:43:18 - [35mhttp[39m: [35mPOST /api/movie - - - - ms[39m
[35m[39m
2023-04-13 20:43:32 - [31merror[39m: [31mSystem error: undefined[39m
2023-04-13 20:43:49 - [31merror[39m: [31mConnection failure[39m
2023-04-13 20:46:10 - [35mhttp[39m: [35mPOST /api/movie 200 17 - 1.800 ms[39m
[35m[39m
2023-04-13 20:46:25 - [35mhttp[39m: [35mPOST /api/movie 200 17 - 2.365 ms[39m
[35m[39m
2023-04-13 20:46:35 - [31merror[39m: [31mSystem error: undefined[39m
2023-04-13 20:46:41 - [35mhttp[39m: [35mPOST /api/movie - - - - ms[39m
[35m[39m
2023-04-13 20:46:54 - [35mhttp[39m: [35mPOST /api/movie 200 17 - 3.428 ms[39m
[35m[39m
2023-04-13 20:47:23 - [31merror[39m: [31mConnection failure[39m
2023-04-13 20:49:14 - [35mhttp[39m: [35mPOST /api/movie 200 17 - 2.488 ms[39m
[35m[39m
2023-04-13 20:49:29 - [35mhttp[39m: [35mPOST /api/movie - - - - ms[39m
[35m[39m
2023-04-13 20:49:34 - [31merror[39m: [31mSystem error: undefined[39m
2023-04-13 20:50:11 - [31merror[39m: [31mConnection failure[39m
2023-04-13 20:51:29 - [31merror[39m: [31mConnection failure[39m
2023-04-13 20:52:33 - [31merror[39m: [31mSystem error: undefined[39m
2023-04-13 20:52:48 - [35mhttp[39m: [35mPOST /api/movie - - - - ms[39m
[35m[39m
2023-04-13 20:52:51 - [31merror[39m: [31mConnection failure[39m
2023-04-13 20:57:08 - [31merror[39m: [31mSystem error: undefined[39m
2023-04-13 20:57:14 - [31merror[39m: [31mConnection failure[39m
2023-04-13 21:01:54 - [31merror[39m: [31mSystem error: undefined[39m
2023-04-13 21:02:12 - [31merror[39m: [31mConnection failure[39m
2023-04-13 21:04:07 - [35mhttp[39m: [35mGET /api/test 200 20 - 1.894 ms[39m
[35m[39m
2023-04-13 21:04:12 - [35mhttp[39m: [35mPOST /api/test 404 148 - 1.351 ms[39m
[35m[39m
2023-04-13 21:04:31 - [35mhttp[39m: [35mPOST /api/movie 500 7 - 0.637 ms[39m
[35m[39m
2023-04-13 21:04:37 - [31merror[39m: [31mConnection failure[39m
2023-04-13 21:04:41 - [35mhttp[39m: [35mPOST /api/movie 500 7 - 2.212 ms[39m
[35m[39m
2023-04-13 21:04:43 - [35mhttp[39m: [35mPOST /api/movie 500 7 - 1.180 ms[39m
[35m[39m
2023-04-13 21:04:54 - [35mhttp[39m: [35mPOST /api/movie - - - - ms[39m
[35m[39m
2023-04-13 21:05:03 - [31merror[39m: [31mSystem error: undefined[39m
2023-04-13 21:05:21 - [31merror[39m: [31mConnection failure[39m
2023-04-13 21:06:38 - [31merror[39m: [31mConnection failure[39m
2023-04-13 21:09:36 - [31merror[39m: [31mSystem error: undefined[39m
2023-04-13 21:12:00 - [31merror[39m: [31mSystem error: undefined[39m
2023-04-13 21:12:02 - [31merror[39m: [31mConnection failure[39m
2023-04-13 21:13:08 - [31merror[39m: [31mSystem error: undefined[39m
2023-04-13 21:13:27 - [31merror[39m: [31mConnection failure[39m
2023-04-13 21:15:08 - [31merror[39m: [31mConnection failure[39m
2023-04-13 21:16:36 - [31merror[39m: [31mConnection failure[39m
2023-04-13 21:18:32 - [31merror[39m: [31mSystem error: undefined[39m
2023-04-13 21:18:59 - [31merror[39m: [31mSystem error: undefined[39m
2023-04-13 21:19:17 - [31merror[39m: [31mConnection failure[39m
2023-04-13 21:19:46 - [35mhttp[39m: [35mGET /api/test 200 20 - 2.459 ms[39m
[35m[39m
2023-04-13 21:19:50 - [35mhttp[39m: [35mPOST /api/test 404 148 - 2.289 ms[39m
[35m[39m
2023-04-13 21:19:59 - [31merror[39m: [31mConnection failure[39m
2023-04-13 21:26:16 - [31merror[39m: [31mConnection failure[39m
2023-04-13 21:27:35 - [31merror[39m: [31mConnection failure[39m
2023-04-13 21:50:06 - [32minfo[39m: [32mServer listening on port: 3000[39m
2023-04-13 21:51:15 - [32minfo[39m: [32mServer listening on port: 3000[39m
2023-04-13 21:53:52 - [32minfo[39m: [32mServer listening on port: 3000[39m
2023-04-13 21:55:02 - [35mhttp[39m: [35mPOST /api/movie 201 155 - 16.059 ms[39m
[35m[39m
2023-04-13 21:55:32 - [32minfo[39m: [32mServer listening on port: 3000[39m
2023-04-13 21:55:57 - [32minfo[39m: [32mServer listening on port: 3000[39m
2023-04-13 21:56:00 - [35mhttp[39m: [35mPOST /api/movie 201 158 - 15.704 ms[39m
[35m[39m
2023-04-13 21:56:08 - [32minfo[39m: [32mServer listening on port: 3000[39m
2023-04-13 21:56:13 - [32minfo[39m: [32mServer listening on port: 3000[39m
2023-04-13 21:56:14 - [32minfo[39m: [32mServer listening on port: 3000[39m
2023-04-13 21:56:16 - [32minfo[39m: [32mServer listening on port: 3000[39m
2023-04-13 21:56:19 - [32minfo[39m: [32mServer listening on port: 3000[39m
2023-04-13 21:57:03 - [32minfo[39m: [32mServer listening on port: 3000[39m
2023-04-13 21:57:08 - [35mhttp[39m: [35mPOST /api/movie 201 158 - 14.120 ms[39m
[35m[39m
2023-04-13 21:57:14 - [32minfo[39m: [32mServer listening on port: 3000[39m
2023-04-13 21:57:40 - [32minfo[39m: [32mConnected to Database![39m
2023-04-13 21:57:40 - [32minfo[39m: [32mServer listening on port: 3000[39m
2023-04-13 21:57:43 - [31merror[39m: [31mSystem error: undefined[39m
2023-04-13 21:58:22 - [35mhttp[39m: [35mPOST /api/movie - - - - ms[39m
[35m[39m
2023-04-13 22:00:01 - [32minfo[39m: [32mConnected to Database![39m
2023-04-13 22:00:01 - [32minfo[39m: [32mServer listening on port: 3000[39m
2023-04-13 22:00:11 - [32minfo[39m: [32mConnected to Database![39m
2023-04-13 22:00:11 - [32minfo[39m: [32mServer listening on port: 3000[39m
2023-04-13 22:00:14 - [31merror[39m: [31mSystem error: undefined[39m
2023-04-13 22:03:59 - [32minfo[39m: [32mServer listening on port: 3000[39m
2023-04-13 22:04:03 - [35mhttp[39m: [35mPOST /api/movie 201 159 - 15.336 ms[39m
[35m[39m
2023-04-13 22:04:58 - [32minfo[39m: [32mServer listening on port: 3000[39m
2023-04-13 22:11:55 - [32minfo[39m: [32mServer listening on port: 3000[39m
2023-04-13 22:12:08 - [32minfo[39m: [32mServer listening on port: 3000[39m
2023-04-13 22:12:27 - [32minfo[39m: [32mServer listening on port: 3000[39m
2023-04-13 22:12:51 - [35mhttp[39m: [35mPOST /api/movie 201 151 - 16.544 ms[39m
[35m[39m
2023-04-13 22:16:51 - [32minfo[39m: [32mServer listening on port: 3000[39m
2023-04-13 22:16:52 - [32minfo[39m: [32mServer listening on port: 3000[39m
2023-04-13 22:16:58 - [32minfo[39m: [32mServer listening on port: 3000[39m
2023-04-13 22:17:05 - [32minfo[39m: [32mServer listening on port: 3000[39m
2023-04-13 22:17:16 - [35mhttp[39m: [35mPOST /api/movie 422 42 - 5.819 ms[39m
[35m[39m
2023-04-13 22:17:36 - [32minfo[39m: [32mServer listening on port: 3000[39m
2023-04-13 22:17:38 - [32minfo[39m: [32mServer listening on port: 3000[39m
2023-04-13 22:17:45 - [32minfo[39m: [32mServer listening on port: 3000[39m
2023-04-13 22:17:50 - [32minfo[39m: [32mServer listening on port: 3000[39m
2023-04-13 22:17:53 - [35mhttp[39m: [35mPOST /api/movie 422 76 - 5.477 ms[39m
[35m[39m
2023-04-13 22:17:59 - [35mhttp[39m: [35mPOST /api/movie 201 144 - 15.523 ms[39m
[35m[39m
2023-04-13 22:18:27 - [32minfo[39m: [32mServer listening on port: 3000[39m
2023-04-13 22:18:29 - [32minfo[39m: [32mServer listening on port: 3000[39m
2023-04-13 22:18:34 - [32minfo[39m: [32mServer listening on port: 3000[39m
2023-04-13 22:18:50 - [32minfo[39m: [32mServer listening on port: 3000[39m
2023-04-13 22:18:57 - [32minfo[39m: [32mServer listening on port: 3000[39m
2023-04-13 22:19:00 - [32minfo[39m: [32mServer listening on port: 3000[39m
2023-04-13 22:19:18 - [32minfo[39m: [32mServer listening on port: 3000[39m
2023-04-13 22:19:21 - [32minfo[39m: [32mServer listening on port: 3000[39m
2023-04-13 22:19:26 - [32minfo[39m: [32mServer listening on port: 3000[39m
2023-04-13 22:19:29 - [32minfo[39m: [32mServer listening on port: 3000[39m
2023-04-13 22:19:33 - [32minfo[39m: [32mServer listening on port: 3000[39m
2023-04-13 22:19:36 - [32minfo[39m: [32mServer listening on port: 3000[39m
2023-04-13 22:22:15 - [32minfo[39m: [32mServer listening on port: 3000[39m
2023-04-13 22:22:19 - [32minfo[39m: [32mServer listening on port: 3000[39m
2023-04-13 22:22:31 - [32minfo[39m: [32mServer listening on port: 3000[39m
2023-04-13 22:22:38 - [35mhttp[39m: [35mPOST /api/movie 422 77 - 6.544 ms[39m
[35m[39m
2023-04-13 22:22:51 - [32minfo[39m: [32mServer listening on port: 3000[39m
2023-04-13 22:22:53 - [35mhttp[39m: [35mPOST /api/movie 422 77 - 6.140 ms[39m
[35m[39m
2023-04-13 22:22:59 - [35mhttp[39m: [35mPOST /api/movie 201 150 - 27.577 ms[39m
[35m[39m
2023-04-13 22:23:13 - [32minfo[39m: [32mServer listening on port: 3000[39m
2023-04-13 22:23:24 - [32minfo[39m: [32mServer listening on port: 3000[39m
2023-04-13 22:23:27 - [32minfo[39m: [32mServer listening on port: 3000[39m
2023-04-13 22:23:27 - [32minfo[39m: [32mServer listening on port: 3000[39m
2023-04-13 22:23:31 - [32minfo[39m: [32mServer listening on port: 3000[39m
2023-04-13 22:23:34 - [32minfo[39m: [32mServer listening on port: 3000[39m
2023-04-13 22:23:39 - [32minfo[39m: [32mServer listening on port: 3000[39m
2023-04-13 22:23:49 - [32minfo[39m: [32mServer listening on port: 3000[39m
2023-04-13 22:23:50 - [32minfo[39m: [32mServer listening on port: 3000[39m
2023-04-13 22:23:51 - [32minfo[39m: [32mServer listening on port: 3000[39m
2023-04-13 22:23:57 - [32minfo[39m: [32mServer listening on port: 3000[39m
2023-04-13 22:23:59 - [32minfo[39m: [32mServer listening on port: 3000[39m
2023-04-13 22:24:07 - [32minfo[39m: [32mServer listening on port: 3000[39m
2023-04-13 22:24:33 - [35mhttp[39m: [35mPOST /api/movie 422 41 - 7.209 ms[39m
[35m[39m
2023-04-13 22:24:53 - [35mhttp[39m: [35mPOST /api/movie 422 41 - 1.269 ms[39m
[35m[39m
2023-04-13 22:25:01 - [35mhttp[39m: [35mPOST /api/movie 201 169 - 19.145 ms[39m
[35m[39m
2023-04-13 22:25:27 - [32minfo[39m: [32mServer listening on port: 3000[39m
2023-04-13 22:25:43 - [32minfo[39m: [32mServer listening on port: 3000[39m
2023-04-13 22:25:50 - [32minfo[39m: [32mServer listening on port: 3000[39m
2023-04-13 22:26:08 - [32minfo[39m: [32mServer listening on port: 3000[39m
2023-04-13 22:26:32 - [32minfo[39m: [32mServer listening on port: 3000[39m
2023-04-13 22:26:37 - [32minfo[39m: [32mServer listening on port: 3000[39m
2023-04-13 22:26:46 - [32minfo[39m: [32mServer listening on port: 3000[39m
2023-04-13 22:26:49 - [32minfo[39m: [32mServer listening on port: 3000[39m
2023-04-13 22:26:56 - [32minfo[39m: [32mServer listening on port: 3000[39m
2023-04-13 22:27:01 - [32minfo[39m: [32mServer listening on port: 3000[39m
2023-04-13 22:27:06 - [32minfo[39m: [32mServer listening on port: 3000[39m
2023-04-13 22:27:14 - [35mhttp[39m: [35mPOST /api/movie 422 57 - 17.907 ms[39m
[35m[39m
2023-04-13 22:27:25 - [35mhttp[39m: [35mPOST /api/movie 422 57 - 1.380 ms[39m
[35m[39m
2023-04-13 22:27:32 - [35mhttp[39m: [35mPOST /api/movie 201 169 - 36.252 ms[39m
[35m[39m
2023-04-13 22:27:51 - [32minfo[39m: [32mServer listening on port: 3000[39m
2023-04-13 22:27:54 - [32minfo[39m: [32mServer listening on port: 3000[39m
2023-04-13 22:28:07 - [32minfo[39m: [32mServer listening on port: 3000[39m
2023-04-13 22:28:13 - [32minfo[39m: [32mServer listening on port: 3000[39m
2023-04-13 22:28:14 - [32minfo[39m: [32mServer listening on port: 3000[39m
2023-04-13 22:28:17 - [32minfo[39m: [32mServer listening on port: 3000[39m
2023-04-13 22:28:25 - [32minfo[39m: [32mServer listening on port: 3000[39m
2023-04-13 22:28:32 - [32minfo[39m: [32mServer listening on port: 3000[39m
2023-04-13 22:28:39 - [35mhttp[39m: [35mPOST /api/movie 422 53 - 8.982 ms[39m
[35m[39m
2023-04-13 22:28:51 - [35mhttp[39m: [35mPOST /api/movie 422 53 - 1.541 ms[39m
[35m[39m
2023-04-13 22:29:03 - [32minfo[39m: [32mServer listening on port: 3000[39m
2023-04-13 22:29:05 - [32minfo[39m: [32mServer listening on port: 3000[39m
2023-04-13 22:29:08 - [32minfo[39m: [32mServer listening on port: 3000[39m
2023-04-13 22:29:12 - [32minfo[39m: [32mServer listening on port: 3000[39m
2023-04-13 22:29:14 - [32minfo[39m: [32mServer listening on port: 3000[39m
2023-04-13 22:29:17 - [32minfo[39m: [32mServer listening on port: 3000[39m
2023-04-13 22:29:19 - [32minfo[39m: [32mServer listening on port: 3000[39m
2023-04-13 22:29:29 - [32minfo[39m: [32mServer listening on port: 3000[39m
2023-04-13 22:29:36 - [32minfo[39m: [32mServer listening on port: 3000[39m
2023-04-13 22:29:38 - [35mhttp[39m: [35mPOST /api/movie 422 120 - 6.094 ms[39m
[35m[39m
2023-04-13 22:29:51 - [35mhttp[39m: [35mPOST /api/movie 422 78 - 1.547 ms[39m
[35m[39m
2023-04-13 22:29:59 - [35mhttp[39m: [35mPOST /api/movie 422 78 - 1.246 ms[39m
[35m[39m
2023-04-13 22:30:30 - [35mhttp[39m: [35mPOST /api/movie 201 213 - 13.492 ms[39m
[35m[39m
2023-04-13 22:30:53 - [32minfo[39m: [32mServer listening on port: 3000[39m
2023-04-13 22:30:55 - [32minfo[39m: [32mServer listening on port: 3000[39m
2023-04-13 22:30:57 - [32minfo[39m: [32mServer listening on port: 3000[39m
2023-04-13 22:31:00 - [32minfo[39m: [32mServer listening on port: 3000[39m
2023-04-13 22:31:07 - [32minfo[39m: [32mServer listening on port: 3000[39m
2023-04-13 22:31:13 - [32minfo[39m: [32mServer listening on port: 3000[39m
2023-04-13 22:31:18 - [32minfo[39m: [32mServer listening on port: 3000[39m
2023-04-13 22:31:19 - [32minfo[39m: [32mServer listening on port: 3000[39m
2023-04-13 22:31:20 - [32minfo[39m: [32mServer listening on port: 3000[39m
2023-04-13 22:31:33 - [32minfo[39m: [32mServer listening on port: 3000[39m
2023-04-13 22:32:06 - [35mhttp[39m: [35mPOST /api/movie 201 236 - 22.180 ms[39m
[35m[39m
2023-04-13 22:32:26 - [32minfo[39m: [32mServer listening on port: 3000[39m
2023-04-13 22:32:29 - [32minfo[39m: [32mServer listening on port: 3000[39m
2023-04-13 22:32:33 - [32minfo[39m: [32mServer listening on port: 3000[39m
2023-04-13 22:32:41 - [32minfo[39m: [32mServer listening on port: 3000[39m
2023-04-13 22:32:44 - [32minfo[39m: [32mServer listening on port: 3000[39m
2023-04-13 22:32:49 - [32minfo[39m: [32mServer listening on port: 3000[39m
2023-04-13 22:32:51 - [32minfo[39m: [32mServer listening on port: 3000[39m
2023-04-13 22:32:59 - [32minfo[39m: [32mServer listening on port: 3000[39m
2023-04-13 22:33:03 - [32minfo[39m: [32mServer listening on port: 3000[39m
2023-04-13 22:33:05 - [32minfo[39m: [32mServer listening on port: 3000[39m
2023-04-13 22:34:42 - [35mhttp[39m: [35mPOST /api/movie 201 337 - 64.036 ms[39m
[35m[39m
2023-04-13 22:42:49 - [32minfo[39m: [32mServer listening on port: 3000[39m
2023-04-13 22:43:08 - [32minfo[39m: [32mServer listening on port: 3000[39m
2023-04-13 22:43:33 - [31merror[39m: [31mConnection failure[39m
2023-04-13 22:44:09 - [31merror[39m: [31mConnection failure[39m
2023-04-13 22:45:04 - [31merror[39m: [31mConnection failure[39m
2023-04-13 22:45:26 - [32minfo[39m: [32mConnected to Database![39m
2023-04-13 22:45:26 - [32minfo[39m: [32mServer listening on port: 3000[39m
2023-04-13 22:45:29 - [35mhttp[39m: [35mPOST /api/movie 201 337 - 54.159 ms[39m
[35m[39m
2023-04-13 22:46:02 - [32minfo[39m: [32mConnected to Database![39m
2023-04-13 22:46:02 - [32minfo[39m: [32mServer listening on port: 3000[39m
2023-04-13 22:46:03 - [32minfo[39m: [32mConnected to Database![39m
2023-04-13 22:46:03 - [32minfo[39m: [32mServer listening on port: 3000[39m
2023-04-13 22:46:05 - [32minfo[39m: [32mConnected to Database![39m
2023-04-13 22:46:05 - [32minfo[39m: [32mServer listening on port: 3000[39m
2023-04-13 22:46:34 - [32minfo[39m: [32mConnected to Database![39m
2023-04-13 22:46:34 - [32minfo[39m: [32mServer listening on port: 3000[39m
2023-04-13 22:46:37 - [32minfo[39m: [32mConnected to Database![39m
2023-04-13 22:46:37 - [32minfo[39m: [32mServer listening on port: 3000[39m
2023-04-13 22:46:45 - [31merror[39m: [31mConnection failure[39m
2023-04-13 22:47:09 - [31merror[39m: [31mConnection failure[39m
2023-04-13 22:47:13 - [31merror[39m: [31mConnection failure[39m
2023-04-13 22:47:53 - [31merror[39m: [31mConnection failure[39m
2023-04-13 22:48:24 - [31merror[39m: [31mConnection failure[39m
2023-04-13 22:48:42 - [32minfo[39m: [32mConnected to Database![39m
2023-04-13 22:48:42 - [32minfo[39m: [32mServer listening on port: 3000[39m
2023-04-13 22:48:44 - [35mhttp[39m: [35mPOST /api/movie 201 341 - 63.177 ms[39m
[35m[39m
2023-04-13 22:48:58 - [32minfo[39m: [32mConnected to Database![39m
2023-04-13 22:48:58 - [32minfo[39m: [32mServer listening on port: 3000[39m
2023-04-13 22:49:19 - [35mhttp[39m: [35mPOST /api/movie 201 341 - 80.563 ms[39m
[35m[39m
2023-04-13 22:52:05 - [31merror[39m: [31mConnection failure[39m
2023-04-13 22:52:09 - [31merror[39m: [31mConnection failure[39m
2023-04-13 22:52:15 - [31merror[39m: [31mConnection failure[39m
2023-04-13 22:52:26 - [31merror[39m: [31mConnection failure[39m
2023-04-13 22:53:08 - [31merror[39m: [31mConnection failure[39m
2023-04-13 22:53:12 - [31merror[39m: [31mConnection failure[39m
2023-04-13 22:53:15 - [31merror[39m: [31mConnection failure[39m
2023-04-13 22:53:21 - [31merror[39m: [31mConnection failure[39m
2023-04-13 22:53:30 - [31merror[39m: [31mConnection failure[39m
2023-04-13 22:53:57 - [31merror[39m: [31mConnection failure[39m
2023-04-13 22:54:03 - [31merror[39m: [31mConnection failure[39m
2023-04-13 22:54:19 - [31merror[39m: [31mConnection failure[39m
2023-04-13 22:54:21 - [31merror[39m: [31mConnection failure[39m
2023-04-13 22:54:24 - [31merror[39m: [31mConnection failure[39m
2023-04-13 22:54:30 - [31merror[39m: [31mConnection failure[39m
2023-04-13 22:54:38 - [31merror[39m: [31mConnection failure[39m
2023-04-13 22:54:50 - [31merror[39m: [31mConnection failure[39m
2023-04-13 22:54:51 - [31merror[39m: [31mConnection failure[39m
2023-04-13 22:54:54 - [31merror[39m: [31mConnection failure[39m
2023-04-13 22:54:58 - [31merror[39m: [31mConnection failure[39m
2023-04-13 22:55:05 - [31merror[39m: [31mConnection failure[39m
2023-04-13 22:55:23 - [31merror[39m: [31mConnection failure[39m
2023-04-13 22:55:30 - [31merror[39m: [31mConnection failure[39m
2023-04-13 22:55:36 - [31merror[39m: [31mConnection failure[39m
2023-04-13 22:55:42 - [31merror[39m: [31mConnection failure[39m
2023-04-13 22:57:34 - [31merror[39m: [31mConnection failure[39m
2023-04-13 22:57:44 - [31merror[39m: [31mConnection failure[39m
2023-04-13 22:58:34 - [31merror[39m: [31mConnection failure[39m
2023-04-13 22:58:38 - [31merror[39m: [31mConnection failure[39m
2023-04-13 22:58:49 - [31merror[39m: [31mConnection failure[39m
2023-04-13 22:59:26 - [31merror[39m: [31mConnection failure[39m
2023-04-13 22:59:29 - [31merror[39m: [31mConnection failure[39m
2023-04-13 23:00:25 - [32minfo[39m: [32mServer listening on port: 3000[39m
2023-04-13 23:01:25 - [32minfo[39m: [32mConnected to Database![39m
2023-04-13 23:01:25 - [32minfo[39m: [32mServer listening on port: 3000[39m
2023-04-13 23:01:46 - [35mhttp[39m: [35mPOST /api/movie 201 341 - 64.662 ms[39m
[35m[39m
2023-04-13 23:02:33 - [31merror[39m: [31mSystem error: Cast to ObjectId failed for value "6438e95fd3d60f19116a8d7" (type string) at path "_id" for model "Movie"[39m
2023-04-13 23:02:44 - [35mhttp[39m: [35mPOST /api//movie 201 341 - 40.195 ms[39m
[35m[39m
2023-04-13 23:02:56 - [35mhttp[39m: [35mGET /api//movie/6438e95fd3d60f19116a8d7 - - - - ms[39m
[35m[39m
2023-04-13 23:03:14 - [35mhttp[39m: [35mGET /api//movie/6438ec8469fb902cc8bb6ad1 - - - - ms[39m
[35m[39m
2023-04-13 23:03:27 - [35mhttp[39m: [35mGET /api/movie/6438ec8469fb902cc8bb6ad1 - - - - ms[39m
[35m[39m
2023-04-13 23:03:45 - [35mhttp[39m: [35mPOST /api//movie 201 342 - 36.344 ms[39m
[35m[39m
2023-04-13 23:04:47 - [35mhttp[39m: [35mGET /api//movie/6438ec8469fb902cc8bb6ad1 - - - - ms[39m
[35m[39m
2023-04-13 23:05:11 - [32minfo[39m: [32mServer listening on port: 3000[39m
2023-04-13 23:05:31 - [35mhttp[39m: [35mPOST /api//movie 201 342 - 23.581 ms[39m
[35m[39m
2023-04-13 23:05:45 - [35mhttp[39m: [35mGET /api/movie/6438ed2bcc15d4fc68dad660 - - - - ms[39m
[35m[39m
2023-04-13 23:07:21 - [35mhttp[39m: [35mGET /api//movie/6438ed2bcc15d4fc68dad660 - - - - ms[39m
[35m[39m
2023-04-13 23:07:25 - [31merror[39m: [31mSystem error: Cast to ObjectId failed for value "6438ed2bcc15d4fc68dad" (type string) at path "_id" for model "Movie"[39m
2023-04-13 23:07:57 - [32minfo[39m: [32mServer listening on port: 3000[39m
2023-04-13 23:07:58 - [31merror[39m: [31mSystem error: Cast to ObjectId failed for value "6438ed2bcc15d4fc68dad" (type string) at path "_id" for model "Movie"[39m
2023-04-13 23:08:46 - [35mhttp[39m: [35mGET /api//movie/6438ed2bcc15d4fc68dad - - - - ms[39m
[35m[39m
2023-04-13 23:09:44 - [32minfo[39m: [32mServer listening on port: 3000[39m
2023-04-13 23:09:48 - [35mhttp[39m: [35mGET /api//movie/6438ed2bcc15d4fc68dad660 500 5 - 2.052 ms[39m
[35m[39m
2023-04-13 23:10:13 - [32minfo[39m: [32mServer listening on port: 3000[39m
2023-04-13 23:10:18 - [32minfo[39m: [32mServer listening on port: 3000[39m
2023-04-13 23:10:25 - [32minfo[39m: [32mServer listening on port: 3000[39m
2023-04-13 23:10:31 - [35mhttp[39m: [35mGET /api//movie/6438ed2bcc15d4fc68dad660 - - - - ms[39m
[35m[39m
2023-04-13 23:10:47 - [32minfo[39m: [32mServer listening on port: 3000[39m
2023-04-13 23:11:28 - [35mhttp[39m: [35mGET /api//movie/6438dca62250574784eb0deb - - - - ms[39m
[35m[39m
2023-04-13 23:11:30 - [31merror[39m: [31mSystem error: Cast to ObjectId failed for value "6438dca62250574784eb0de" (type string) at path "_id" for model "Movie"[39m
2023-04-13 23:11:34 - [35mhttp[39m: [35mGET /api//movie/6438dca62250574784eb0de - - - - ms[39m
[35m[39m
2023-04-13 23:12:06 - [32minfo[39m: [32mServer listening on port: 3000[39m
2023-04-13 23:12:10 - [32minfo[39m: [32mServer listening on port: 3000[39m
2023-04-13 23:12:21 - [35mhttp[39m: [35mGET /api//movie/6438dca62250574784eb0deb 404 28 - 13.218 ms[39m
[35m[39m
2023-04-13 23:12:41 - [32minfo[39m: [32mServer listening on port: 3000[39m
2023-04-13 23:12:44 - [32minfo[39m: [32mServer listening on port: 3000[39m
2023-04-13 23:12:50 - [35mhttp[39m: [35mGET /api//movie/6438dca62250574784eb0deb - - - - ms[39m
[35m[39m
2023-04-13 23:12:53 - [31merror[39m: [31mSystem error: Cast to ObjectId failed for value "6438dca62250574784eb" (type string) at path "_id" for model "Movie"[39m
2023-04-13 23:12:54 - [35mhttp[39m: [35mGET /api//movie/6438dca62250574784eb - - - - ms[39m
[35m[39m
2023-04-13 23:13:43 - [32minfo[39m: [32mServer listening on port: 3000[39m
2023-04-13 23:13:45 - [32minfo[39m: [32mServer listening on port: 3000[39m
2023-04-13 23:13:48 - [32minfo[39m: [32mServer listening on port: 3000[39m
2023-04-13 23:13:50 - [32minfo[39m: [32mServer listening on port: 3000[39m
2023-04-13 23:13:53 - [32minfo[39m: [32mServer listening on port: 3000[39m
2023-04-13 23:13:55 - [31merror[39m: [31mSystem error: Cast to ObjectId failed for value "6438dca62250574784eb" (type string) at path "_id" for model "Movie"[39m
2023-04-13 23:13:56 - [35mhttp[39m: [35mGET /api//movie/6438dca62250574784eb - - - - ms[39m
[35m[39m
2023-04-13 23:14:01 - [35mhttp[39m: [35mPOST /api//movie 201 344 - 24.216 ms[39m
[35m[39m
2023-04-13 23:14:14 - [35mhttp[39m: [35mGET /api//movie/6438ef295694a0db1e3693d9 200 344 - 7.138 ms[39m
[35m[39m
2023-04-13 23:14:27 - [35mhttp[39m: [35mGET /api//movie/6438ef295694a0db1e3693d4 404 28 - 3.336 ms[39m
[35m[39m
2023-04-13 23:14:35 - [31merror[39m: [31mSystem error: Cast to ObjectId failed for value "6438ef295694a0db1e3" (type string) at path "_id" for model "Movie"[39m
2023-04-13 23:14:42 - [35mhttp[39m: [35mGET /api//movie/6438ef295694a0db1e3 - - - - ms[39m
[35m[39m
2023-04-13 23:14:46 - [35mhttp[39m: [35mGET /api//movie/6438ef295694a0db1e3693d4 404 28 - 1.818 ms[39m
[35m[39m
2023-04-13 23:14:50 - [35mhttp[39m: [35mGET /api//movie/6438ef295694a0db1e3693d9 200 344 - 2.227 ms[39m
[35m[39m
2023-04-13 23:15:00 - [32minfo[39m: [32mServer listening on port: 3000[39m
2023-04-13 23:15:05 - [32minfo[39m: [32mServer listening on port: 3000[39m
2023-04-13 23:15:08 - [32minfo[39m: [32mConnected to Database![39m
2023-04-13 23:15:08 - [32minfo[39m: [32mServer listening on port: 3000[39m
2023-04-13 23:15:19 - [35mhttp[39m: [35mPOST /api//movie 201 344 - 71.982 ms[39m
[35m[39m
2023-04-13 23:15:26 - [35mhttp[39m: [35mGET /api//movie/6438ef77fef595fa1a368866 200 344 - 48.128 ms[39m
[35m[39m
2023-04-13 23:15:34 - [35mhttp[39m: [35mGET /api//movie/6438ef77fef595fa1a368864 404 28 - 28.508 ms[39m
[35m[39m
2023-04-13 23:15:39 - [31merror[39m: [31mSystem error: Cast to ObjectId failed for value "6438ef77fef595fa1a36886" (type string) at path "_id" for model "Movie"[39m
2023-04-13 23:15:44 - [35mhttp[39m: [35mGET /api//movie/6438ef77fef595fa1a36886 - - - - ms[39m
[35m[39m
2023-04-13 23:16:21 - [31merror[39m: [31mConnection failure[39m
2023-04-13 23:16:37 - [31merror[39m: [31mConnection failure[39m
2023-04-13 23:16:43 - [31merror[39m: [31mConnection failure[39m
2023-04-13 23:16:50 - [31merror[39m: [31mConnection failure[39m
2023-04-13 23:17:08 - [31merror[39m: [31mConnection failure[39m
2023-04-13 23:17:13 - [31merror[39m: [31mConnection failure[39m
2023-04-13 23:17:18 - [31merror[39m: [31mConnection failure[39m
2023-04-13 23:17:38 - [31merror[39m: [31mConnection failure[39m
2023-04-13 23:18:37 - [32minfo[39m: [32mServer listening on port: 3000[39m
2023-04-13 23:18:54 - [31merror[39m: [31mSystem error: Cast to ObjectId failed for value "6438ef77fef595fa1a36886" (type string) at path "_id" for model "Movie"[39m
2023-04-13 23:18:57 - [35mhttp[39m: [35mGET /api//movie/6438ef77fef595fa1a36886 - - - - ms[39m
[35m[39m
2023-04-13 23:19:02 - [35mhttp[39m: [35mPOST /api//movie 201 344 - 26.224 ms[39m
[35m[39m
2023-04-13 23:19:08 - [35mhttp[39m: [35mGET /api//movie/6438f0565cc860d05ad82ecf 200 344 - 12.049 ms[39m
[35m[39m
2023-04-13 23:19:25 - [32minfo[39m: [32mServer listening on port: 3000[39m
2023-04-13 23:19:40 - [32minfo[39m: [32mServer listening on port: 3000[39m
2023-04-13 23:19:55 - [32minfo[39m: [32mServer listening on port: 3000[39m
2023-04-13 23:19:57 - [32minfo[39m: [32mServer listening on port: 3000[39m
2023-04-13 23:20:00 - [32minfo[39m: [32mServer listening on port: 3000[39m
2023-04-13 23:20:02 - [32minfo[39m: [32mServer listening on port: 3000[39m
2023-04-13 23:20:14 - [32minfo[39m: [32mServer listening on port: 3000[39m
2023-04-13 23:20:16 - [32minfo[39m: [32mServer listening on port: 3000[39m
2023-04-13 23:20:19 - [32minfo[39m: [32mServer listening on port: 3000[39m
2023-04-13 23:20:22 - [32minfo[39m: [32mServer listening on port: 3000[39m
2023-04-13 23:20:24 - [32minfo[39m: [32mServer listening on port: 3000[39m
2023-04-13 23:20:30 - [32minfo[39m: [32mServer listening on port: 3000[39m
2023-04-13 23:20:32 - [32minfo[39m: [32mServer listening on port: 3000[39m
2023-04-13 23:20:56 - [32minfo[39m: [32mServer listening on port: 3000[39m
2023-04-13 23:20:59 - [32minfo[39m: [32mServer listening on port: 3000[39m
2023-04-13 23:21:02 - [32minfo[39m: [32mServer listening on port: 3000[39m
2023-04-13 23:21:03 - [32minfo[39m: [32mServer listening on port: 3000[39m
2023-04-13 23:21:08 - [32minfo[39m: [32mServer listening on port: 3000[39m
2023-04-13 23:21:11 - [32minfo[39m: [32mServer listening on port: 3000[39m
2023-04-13 23:21:13 - [32minfo[39m: [32mServer listening on port: 3000[39m
2023-04-13 23:21:15 - [32minfo[39m: [32mServer listening on port: 3000[39m
2023-04-13 23:21:20 - [32minfo[39m: [32mServer listening on port: 3000[39m
2023-04-13 23:21:23 - [32minfo[39m: [32mServer listening on port: 3000[39m
2023-04-13 23:21:27 - [32minfo[39m: [32mServer listening on port: 3000[39m
2023-04-13 23:21:31 - [32minfo[39m: [32mServer listening on port: 3000[39m
2023-04-13 23:21:35 - [35mhttp[39m: [35mGET /api//movie/6438f0565cc860d05ad82ecf 200 344 - 20.870 ms[39m
[35m[39m
2023-04-13 23:21:38 - [31merror[39m: [31mSystem error: Cast to ObjectId failed for value "6438f0565cc860d05ad82ec" (type string) at path "_id" for model "Movie"[39m
2023-04-13 23:21:43 - [35mhttp[39m: [35mGET /api//movie/6438f0565cc860d05ad82ec - - - - ms[39m
[35m[39m
2023-04-13 23:21:45 - [31merror[39m: [31mSystem error: Cast to ObjectId failed for value "6438f0565cc860d05ad8" (type string) at path "_id" for model "Movie"[39m
2023-04-13 23:21:48 - [35mhttp[39m: [35mGET /api//movie/6438f0565cc860d05ad8 - - - - ms[39m
[35m[39m
2023-04-13 23:21:55 - [32minfo[39m: [32mServer listening on port: 3000[39m
2023-04-13 23:21:57 - [35mhttp[39m: [35mGET /api//movie/6438f0565cc860d05ad82ecf 200 344 - 16.644 ms[39m
[35m[39m
2023-04-13 23:22:16 - [32minfo[39m: [32mServer listening on port: 3000[39m
2023-04-13 23:22:17 - [32minfo[39m: [32mServer listening on port: 3000[39m
2023-04-13 23:22:24 - [32minfo[39m: [32mServer listening on port: 3000[39m
2023-04-13 23:22:28 - [32minfo[39m: [32mConnected to Database![39m
2023-04-13 23:22:28 - [32minfo[39m: [32mServer listening on port: 3000[39m
2023-04-13 23:23:08 - [32minfo[39m: [32mConnected to Database![39m
2023-04-13 23:23:08 - [32minfo[39m: [32mServer listening on port: 3000[39m
2023-04-13 23:23:12 - [35mhttp[39m: [35mGET /api//movie/6438f0565cc860d05ad82ecf 404 28 - 38.252 ms[39m
[35m[39m
2023-04-13 23:23:20 - [35mhttp[39m: [35mPOST /api//movie 201 344 - 65.276 ms[39m
[35m[39m
2023-04-13 23:23:26 - [35mhttp[39m: [35mGET /api//movie/6438f158535f6e7df5cfdef3 200 344 - 41.487 ms[39m
[35m[39m
2023-04-13 23:23:32 - [35mhttp[39m: [35mGET /api//movie/6438f158535f6e7df5cfdef1 404 28 - 39.763 ms[39m
[35m[39m
2023-04-13 23:23:35 - [31merror[39m: [31mSystem error: Cast to ObjectId failed for value "6438f158535f6e7df5cfdef" (type string) at path "_id" for model "Movie"[39m
2023-04-13 23:23:43 - [35mhttp[39m: [35mGET /api//movie/6438f158535f6e7df5cfdef - - - - ms[39m
[35m[39m
2023-04-13 23:23:46 - [35mhttp[39m: [35mGET /api//movie/6438f158535f6e7df5cfdef6 404 28 - 29.655 ms[39m
[35m[39m
2023-04-13 23:23:53 - [35mhttp[39m: [35mGET /api//movie/6438f158535f6e7df5cfdef9 404 28 - 42.773 ms[39m
[35m[39m
2023-04-13 23:24:02 - [35mhttp[39m: [35mGET /api//movie/6438f158535f6e7df5cfdef3 200 344 - 30.500 ms[39m
[35m[39m
2023-04-13 23:25:55 - [32minfo[39m: [32mConnected to Database![39m
2023-04-13 23:25:55 - [32minfo[39m: [32mServer listening on port: 3000[39m
2023-04-13 23:25:56 - [32minfo[39m: [32mConnected to Database![39m
2023-04-13 23:25:56 - [32minfo[39m: [32mServer listening on port: 3000[39m
2023-04-13 23:26:25 - [32minfo[39m: [32mConnected to Database![39m
2023-04-13 23:26:25 - [32minfo[39m: [32mServer listening on port: 3000[39m
2023-04-13 23:26:43 - [32minfo[39m: [32mConnected to Database![39m
2023-04-13 23:26:43 - [32minfo[39m: [32mServer listening on port: 3000[39m
2023-04-13 23:26:47 - [35mhttp[39m: [35mGET /api//movie/6438f158535f6e7df5cfdef3 200 344 - 42.763 ms[39m
[35m[39m
2023-04-13 23:26:50 - [35mhttp[39m: [35mGET /api//movie/6438f158535f6e7df5cfdef 404 30 - 0.574 ms[39m
[35m[39m
2023-04-13 23:27:15 - [32minfo[39m: [32mConnected to Database![39m
2023-04-13 23:27:15 - [32minfo[39m: [32mServer listening on port: 3000[39m
2023-04-13 23:27:19 - [35mhttp[39m: [35mGET /api//movie/6438f158535f6e7df5cfdef 404 30 - 2.171 ms[39m
[35m[39m
2023-04-13 23:27:27 - [32minfo[39m: [32mConnected to Database![39m
2023-04-13 23:27:28 - [32minfo[39m: [32mServer listening on port: 3000[39m
2023-04-13 23:27:29 - [32minfo[39m: [32mConnected to Database![39m
2023-04-13 23:27:29 - [32minfo[39m: [32mServer listening on port: 3000[39m
2023-04-13 23:27:35 - [32minfo[39m: [32mConnected to Database![39m
2023-04-13 23:27:35 - [32minfo[39m: [32mServer listening on port: 3000[39m
2023-04-13 23:27:38 - [31merror[39m: [31mSystem error: Cast to ObjectId failed for value "6438f158535f6e7df5cfdef" (type string) at path "_id" for model "Movie"[39m
2023-04-13 23:27:40 - [35mhttp[39m: [35mGET /api//movie/6438f158535f6e7df5cfdef - - - - ms[39m
[35m[39m
2023-04-13 23:27:45 - [32minfo[39m: [32mConnected to Database![39m
2023-04-13 23:27:45 - [32minfo[39m: [32mServer listening on port: 3000[39m
2023-04-13 23:27:51 - [35mhttp[39m: [35mGET /api//movie/6438f158535f6e7df5cfdef 404 30 - 2.328 ms[39m
[35m[39m
2023-04-13 23:28:02 - [32minfo[39m: [32mConnected to Database![39m
2023-04-13 23:28:02 - [32minfo[39m: [32mServer listening on port: 3000[39m
2023-04-13 23:28:04 - [32minfo[39m: [32mConnected to Database![39m
2023-04-13 23:28:04 - [32minfo[39m: [32mServer listening on port: 3000[39m
2023-04-13 23:28:31 - [32minfo[39m: [32mConnected to Database![39m
2023-04-13 23:28:31 - [32minfo[39m: [32mServer listening on port: 3000[39m
2023-04-13 23:28:43 - [32minfo[39m: [32mConnected to Database![39m
2023-04-13 23:28:43 - [32minfo[39m: [32mServer listening on port: 3000[39m
2023-04-13 23:28:47 - [32minfo[39m: [32mConnected to Database![39m
2023-04-13 23:28:47 - [32minfo[39m: [32mServer listening on port: 3000[39m
2023-04-13 23:28:50 - [32minfo[39m: [32mConnected to Database![39m
2023-04-13 23:28:50 - [32minfo[39m: [32mServer listening on port: 3000[39m
2023-04-13 23:28:53 - [32minfo[39m: [32mConnected to Database![39m
2023-04-13 23:28:53 - [32minfo[39m: [32mServer listening on port: 3000[39m
2023-04-13 23:28:57 - [35mhttp[39m: [35mGET /api//movie/6438f158535f6e7df5cfdef 404 44 - 2.107 ms[39m
[35m[39m
2023-04-13 23:29:09 - [35mhttp[39m: [35mGET /api//movie/6438f158535f6e7df5cfdef3 200 344 - 41.133 ms[39m
[35m[39m
2023-04-13 23:29:13 - [35mhttp[39m: [35mGET /api//movie/6438f158535f6e7df5cfdef4 404 28 - 29.929 ms[39m
[35m[39m
2023-04-13 23:29:21 - [35mhttp[39m: [35mGET /api//movie/6438f15 404 44 - 0.353 ms[39m
[35m[39m
2023-04-13 23:29:25 - [35mhttp[39m: [35mGET /api//movie/6438f158535f6e7df5cfdef3 200 344 - 35.812 ms[39m
[35m[39m
2023-04-13 23:30:15 - [32minfo[39m: [32mConnected to Database![39m
2023-04-13 23:30:15 - [32minfo[39m: [32mServer listening on port: 3000[39m
2023-04-13 23:31:00 - [32minfo[39m: [32mConnected to Database![39m
2023-04-13 23:31:00 - [32minfo[39m: [32mServer listening on port: 3000[39m
2023-04-14 13:14:56 - [32minfo[39m: [32mConnected to Database![39m
2023-04-14 13:14:56 - [32minfo[39m: [32mServer listening on port: 3000[39m
2023-04-14 13:15:19 - [35mhttp[39m: [35mPOST /api//movie 201 346 - 71.428 ms[39m
[35m[39m
2023-04-14 13:15:32 - [35mhttp[39m: [35mGET /api//movie/6439b4570e4a2786599985a3 200 346 - 42.649 ms[39m
[35m[39m
2023-04-14 13:16:34 - [32minfo[39m: [32mConnected to Database![39m
2023-04-14 13:16:34 - [32minfo[39m: [32mServer listening on port: 3000[39m
2023-04-14 13:16:53 - [32minfo[39m: [32mConnected to Database![39m
2023-04-14 13:16:53 - [32minfo[39m: [32mServer listening on port: 3000[39m
2023-04-14 13:17:05 - [32minfo[39m: [32mConnected to Database![39m
2023-04-14 13:17:05 - [32minfo[39m: [32mServer listening on port: 3000[39m
2023-04-14 13:17:08 - [32minfo[39m: [32mConnected to Database![39m
2023-04-14 13:17:08 - [32minfo[39m: [32mServer listening on port: 3000[39m
2023-04-14 13:17:32 - [32minfo[39m: [32mConnected to Database![39m
2023-04-14 13:17:32 - [32minfo[39m: [32mServer listening on port: 3000[39m
2023-04-14 13:17:35 - [32minfo[39m: [32mConnected to Database![39m
2023-04-14 13:17:35 - [32minfo[39m: [32mServer listening on port: 3000[39m
2023-04-14 13:17:38 - [32minfo[39m: [32mConnected to Database![39m
2023-04-14 13:17:38 - [32minfo[39m: [32mServer listening on port: 3000[39m
2023-04-14 13:17:52 - [32minfo[39m: [32mConnected to Database![39m
2023-04-14 13:17:52 - [32minfo[39m: [32mServer listening on port: 3000[39m
2023-04-14 13:18:00 - [32minfo[39m: [32mConnected to Database![39m
2023-04-14 13:18:00 - [32minfo[39m: [32mServer listening on port: 3000[39m
2023-04-14 13:18:25 - [32minfo[39m: [32mConnected to Database![39m
2023-04-14 13:18:25 - [32minfo[39m: [32mServer listening on port: 3000[39m
2023-04-14 13:18:32 - [32minfo[39m: [32mConnected to Database![39m
2023-04-14 13:18:32 - [32minfo[39m: [32mServer listening on port: 3000[39m
2023-04-14 13:18:34 - [32minfo[39m: [32mConnected to Database![39m
2023-04-14 13:18:34 - [32minfo[39m: [32mServer listening on port: 3000[39m
2023-04-14 13:18:37 - [32minfo[39m: [32mConnected to Database![39m
2023-04-14 13:18:37 - [32minfo[39m: [32mServer listening on port: 3000[39m
2023-04-14 13:18:44 - [32minfo[39m: [32mConnected to Database![39m
2023-04-14 13:18:44 - [32minfo[39m: [32mServer listening on port: 3000[39m
2023-04-14 13:19:01 - [32minfo[39m: [32mConnected to Database![39m
2023-04-14 13:19:01 - [32minfo[39m: [32mServer listening on port: 3000[39m
2023-04-14 13:19:07 - [32minfo[39m: [32mConnected to Database![39m
2023-04-14 13:19:07 - [32minfo[39m: [32mServer listening on port: 3000[39m
2023-04-14 13:19:15 - [32minfo[39m: [32mConnected to Database![39m
2023-04-14 13:19:15 - [32minfo[39m: [32mServer listening on port: 3000[39m
2023-04-14 13:19:48 - [35mhttp[39m: [35mGET /api/movies 200 3087 - 57.094 ms[39m
[35m[39m
2023-04-14 13:20:55 - [32minfo[39m: [32mConnected to Database![39m
2023-04-14 13:20:55 - [32minfo[39m: [32mServer listening on port: 3000[39m
2023-04-14 13:21:13 - [32minfo[39m: [32mConnected to Database![39m
2023-04-14 13:21:13 - [32minfo[39m: [32mServer listening on port: 3000[39m
2023-04-14 13:21:21 - [32minfo[39m: [32mConnected to Database![39m
2023-04-14 13:21:21 - [32minfo[39m: [32mServer listening on port: 3000[39m
2023-04-14 13:21:23 - [32minfo[39m: [32mConnected to Database![39m
2023-04-14 13:21:23 - [32minfo[39m: [32mServer listening on port: 3000[39m
2023-04-14 13:21:45 - [32minfo[39m: [32mConnected to Database![39m
2023-04-14 13:21:45 - [32minfo[39m: [32mServer listening on port: 3000[39m
2023-04-14 13:21:57 - [32minfo[39m: [32mConnected to Database![39m
2023-04-14 13:21:57 - [32minfo[39m: [32mServer listening on port: 3000[39m
2023-04-14 13:22:00 - [32minfo[39m: [32mConnected to Database![39m
2023-04-14 13:22:00 - [32minfo[39m: [32mServer listening on port: 3000[39m
2023-04-14 13:22:03 - [32minfo[39m: [32mConnected to Database![39m
2023-04-14 13:22:03 - [32minfo[39m: [32mServer listening on port: 3000[39m
2023-04-14 13:22:06 - [32minfo[39m: [32mConnected to Database![39m
2023-04-14 13:22:06 - [32minfo[39m: [32mServer listening on port: 3000[39m
2023-04-14 13:22:09 - [32minfo[39m: [32mConnected to Database![39m
2023-04-14 13:22:09 - [32minfo[39m: [32mServer listening on port: 3000[39m
2023-04-14 13:22:39 - [32minfo[39m: [32mConnected to Database![39m
2023-04-14 13:22:39 - [32minfo[39m: [32mServer listening on port: 3000[39m
2023-04-14 13:22:41 - [32minfo[39m: [32mConnected to Database![39m
2023-04-14 13:22:41 - [32minfo[39m: [32mServer listening on port: 3000[39m
2023-04-14 13:22:49 - [32minfo[39m: [32mConnected to Database![39m
2023-04-14 13:22:49 - [32minfo[39m: [32mServer listening on port: 3000[39m
2023-04-14 13:22:52 - [32minfo[39m: [32mConnected to Database![39m
2023-04-14 13:22:52 - [32minfo[39m: [32mServer listening on port: 3000[39m
2023-04-14 13:22:57 - [32minfo[39m: [32mConnected to Database![39m
2023-04-14 13:22:57 - [32minfo[39m: [32mServer listening on port: 3000[39m
2023-04-14 13:23:25 - [32minfo[39m: [32mConnected to Database![39m
2023-04-14 13:23:25 - [32minfo[39m: [32mServer listening on port: 3000[39m
2023-04-14 13:23:34 - [32minfo[39m: [32mConnected to Database![39m
2023-04-14 13:23:34 - [32minfo[39m: [32mServer listening on port: 3000[39m
2023-04-14 13:23:36 - [32minfo[39m: [32mConnected to Database![39m
2023-04-14 13:23:36 - [32minfo[39m: [32mServer listening on port: 3000[39m
2023-04-14 13:23:53 - [32minfo[39m: [32mConnected to Database![39m
2023-04-14 13:23:53 - [32minfo[39m: [32mServer listening on port: 3000[39m
2023-04-14 13:25:00 - [32minfo[39m: [32mConnected to Database![39m
2023-04-14 13:25:00 - [32minfo[39m: [32mServer listening on port: 3000[39m
2023-04-14 13:25:24 - [32minfo[39m: [32mConnected to Database![39m
2023-04-14 13:25:24 - [32minfo[39m: [32mServer listening on port: 3000[39m
2023-04-14 13:25:31 - [32minfo[39m: [32mConnected to Database![39m
2023-04-14 13:25:31 - [32minfo[39m: [32mServer listening on port: 3000[39m
2023-04-14 13:25:37 - [32minfo[39m: [32mConnected to Database![39m
2023-04-14 13:25:37 - [32minfo[39m: [32mServer listening on port: 3000[39m
2023-04-14 13:25:39 - [32minfo[39m: [32mConnected to Database![39m
2023-04-14 13:25:39 - [32minfo[39m: [32mServer listening on port: 3000[39m
2023-04-14 13:25:41 - [32minfo[39m: [32mConnected to Database![39m
2023-04-14 13:25:41 - [32minfo[39m: [32mServer listening on port: 3000[39m
2023-04-14 13:25:58 - [32minfo[39m: [32mConnected to Database![39m
2023-04-14 13:25:58 - [32minfo[39m: [32mServer listening on port: 3000[39m
2023-04-14 13:26:00 - [32minfo[39m: [32mConnected to Database![39m
2023-04-14 13:26:00 - [32minfo[39m: [32mServer listening on port: 3000[39m
2023-04-14 13:26:05 - [32minfo[39m: [32mConnected to Database![39m
2023-04-14 13:26:05 - [32minfo[39m: [32mServer listening on port: 3000[39m
2023-04-14 13:26:07 - [32minfo[39m: [32mConnected to Database![39m
2023-04-14 13:26:07 - [32minfo[39m: [32mServer listening on port: 3000[39m
2023-04-14 13:26:14 - [32minfo[39m: [32mConnected to Database![39m
2023-04-14 13:26:14 - [32minfo[39m: [32mServer listening on port: 3000[39m
2023-04-14 13:27:23 - [35mhttp[39m: [35mGET /api/movies 200 3087 - 111.307 ms[39m
[35m[39m
2023-04-14 13:27:44 - [35mhttp[39m: [35mDELETE /api/movie/6439b4570e4a2786599985a4 404 35 - 32.200 ms[39m
[35m[39m
2023-04-14 13:27:48 - [31merror[39m: [31mSystem error: Cast to ObjectId failed for value "6439b4570e4a2786599985a" (type string) at path "_id" for model "Movie"[39m
2023-04-14 13:27:48 - [35mhttp[39m: [35mDELETE /api/movie/6439b4570e4a2786599985a 500 32 - 3.097 ms[39m
[35m[39m
2023-04-14 13:27:57 - [35mhttp[39m: [35mDELETE /api/movie/6439b4570e4a2786599985a3 - - - - ms[39m
[35m[39m
2023-04-14 13:28:00 - [35mhttp[39m: [35mGET /api/movies 200 3087 - 39.783 ms[39m
[35m[39m
2023-04-14 13:28:40 - [32minfo[39m: [32mConnected to Database![39m
2023-04-14 13:28:40 - [32minfo[39m: [32mServer listening on port: 3000[39m
2023-04-14 13:28:44 - [32minfo[39m: [32mConnected to Database![39m
2023-04-14 13:28:44 - [32minfo[39m: [32mServer listening on port: 3000[39m
2023-04-14 13:28:51 - [32minfo[39m: [32mConnected to Database![39m
2023-04-14 13:28:51 - [32minfo[39m: [32mServer listening on port: 3000[39m
2023-04-14 13:28:53 - [32minfo[39m: [32mConnected to Database![39m
2023-04-14 13:28:53 - [32minfo[39m: [32mServer listening on port: 3000[39m
2023-04-14 13:28:57 - [32minfo[39m: [32mConnected to Database![39m
2023-04-14 13:28:57 - [32minfo[39m: [32mServer listening on port: 3000[39m
2023-04-14 13:29:12 - [32minfo[39m: [32mConnected to Database![39m
2023-04-14 13:29:12 - [32minfo[39m: [32mServer listening on port: 3000[39m
2023-04-14 13:29:19 - [32minfo[39m: [32mConnected to Database![39m
2023-04-14 13:29:19 - [32minfo[39m: [32mServer listening on port: 3000[39m
2023-04-14 13:29:25 - [32minfo[39m: [32mConnected to Database![39m
2023-04-14 13:29:25 - [32minfo[39m: [32mServer listening on port: 3000[39m
2023-04-14 13:29:27 - [32minfo[39m: [32mConnected to Database![39m
2023-04-14 13:29:27 - [32minfo[39m: [32mServer listening on port: 3000[39m
2023-04-14 13:29:28 - [32minfo[39m: [32mConnected to Database![39m
2023-04-14 13:29:28 - [32minfo[39m: [32mServer listening on port: 3000[39m
2023-04-14 13:29:31 - [35mhttp[39m: [35mDELETE /api/movie/6439b4570e4a2786599985a3 200 41 - 69.053 ms[39m
[35m[39m
2023-04-14 13:29:36 - [35mhttp[39m: [35mGET /api/movies 200 2740 - 34.798 ms[39m
[35m[39m
2023-04-14 13:29:46 - [35mhttp[39m: [35mGET /api//movie/6439b4570e4a2786599985a3 404 28 - 28.531 ms[39m
[35m[39m
2023-04-14 13:30:24 - [32minfo[39m: [32mConnected to Database![39m
2023-04-14 13:30:24 - [32minfo[39m: [32mServer listening on port: 3000[39m
2023-04-14 13:30:40 - [32minfo[39m: [32mConnected to Database![39m
2023-04-14 13:30:40 - [32minfo[39m: [32mServer listening on port: 3000[39m
2023-04-14 13:30:43 - [32minfo[39m: [32mConnected to Database![39m
2023-04-14 13:30:43 - [32minfo[39m: [32mServer listening on port: 3000[39m
2023-04-14 13:30:53 - [32minfo[39m: [32mConnected to Database![39m
2023-04-14 13:30:53 - [32minfo[39m: [32mServer listening on port: 3000[39m
2023-04-14 13:30:58 - [32minfo[39m: [32mConnected to Database![39m
2023-04-14 13:30:58 - [32minfo[39m: [32mServer listening on port: 3000[39m
2023-04-14 13:31:00 - [32minfo[39m: [32mConnected to Database![39m
2023-04-14 13:31:00 - [32minfo[39m: [32mServer listening on port: 3000[39m
2023-04-14 13:31:04 - [32minfo[39m: [32mConnected to Database![39m
2023-04-14 13:31:04 - [32minfo[39m: [32mServer listening on port: 3000[39m
2023-04-14 13:31:13 - [32minfo[39m: [32mConnected to Database![39m
2023-04-14 13:31:13 - [32minfo[39m: [32mServer listening on port: 3000[39m
2023-04-14 13:31:15 - [32minfo[39m: [32mConnected to Database![39m
2023-04-14 13:31:15 - [32minfo[39m: [32mServer listening on port: 3000[39m
2023-04-14 13:31:20 - [32minfo[39m: [32mConnected to Database![39m
2023-04-14 13:31:20 - [32minfo[39m: [32mServer listening on port: 3000[39m
2023-04-14 13:31:22 - [32minfo[39m: [32mConnected to Database![39m
2023-04-14 13:31:22 - [32minfo[39m: [32mServer listening on port: 3000[39m
2023-04-14 13:31:51 - [32minfo[39m: [32mConnected to Database![39m
2023-04-14 13:31:51 - [32minfo[39m: [32mServer listening on port: 3000[39m
2023-04-14 13:32:03 - [32minfo[39m: [32mConnected to Database![39m
2023-04-14 13:32:03 - [32minfo[39m: [32mServer listening on port: 3000[39m
2023-04-14 13:32:04 - [32minfo[39m: [32mConnected to Database![39m
2023-04-14 13:32:04 - [32minfo[39m: [32mServer listening on port: 3000[39m
2023-04-14 13:32:08 - [32minfo[39m: [32mConnected to Database![39m
2023-04-14 13:32:08 - [32minfo[39m: [32mServer listening on port: 3000[39m
2023-04-14 13:32:11 - [32minfo[39m: [32mConnected to Database![39m
2023-04-14 13:32:11 - [32minfo[39m: [32mServer listening on port: 3000[39m
2023-04-14 13:32:14 - [32minfo[39m: [32mConnected to Database![39m
2023-04-14 13:32:14 - [32minfo[39m: [32mServer listening on port: 3000[39m
2023-04-14 13:32:18 - [32minfo[39m: [32mConnected to Database![39m
2023-04-14 13:32:18 - [32minfo[39m: [32mServer listening on port: 3000[39m
2023-04-14 13:32:19 - [32minfo[39m: [32mConnected to Database![39m
2023-04-14 13:32:19 - [32minfo[39m: [32mServer listening on port: 3000[39m
2023-04-14 13:32:32 - [32minfo[39m: [32mConnected to Database![39m
2023-04-14 13:32:32 - [32minfo[39m: [32mServer listening on port: 3000[39m
2023-04-14 13:32:34 - [32minfo[39m: [32mConnected to Database![39m
2023-04-14 13:32:35 - [32minfo[39m: [32mServer listening on port: 3000[39m
2023-04-14 13:32:43 - [32minfo[39m: [32mConnected to Database![39m
2023-04-14 13:32:43 - [32minfo[39m: [32mServer listening on port: 3000[39m
2023-04-14 13:32:51 - [32minfo[39m: [32mConnected to Database![39m
2023-04-14 13:32:51 - [32minfo[39m: [32mServer listening on port: 3000[39m
2023-04-14 13:32:56 - [32minfo[39m: [32mConnected to Database![39m
2023-04-14 13:32:56 - [32minfo[39m: [32mServer listening on port: 3000[39m
2023-04-14 13:33:23 - [32minfo[39m: [32mConnected to Database![39m
2023-04-14 13:33:23 - [32minfo[39m: [32mServer listening on port: 3000[39m
2023-04-14 13:33:36 - [32minfo[39m: [32mConnected to Database![39m
2023-04-14 13:33:36 - [32minfo[39m: [32mServer listening on port: 3000[39m
2023-04-14 13:33:42 - [32minfo[39m: [32mConnected to Database![39m
2023-04-14 13:33:42 - [32minfo[39m: [32mServer listening on port: 3000[39m
2023-04-14 13:33:44 - [32minfo[39m: [32mConnected to Database![39m
2023-04-14 13:33:44 - [32minfo[39m: [32mServer listening on port: 3000[39m
2023-04-14 13:33:46 - [32minfo[39m: [32mConnected to Database![39m
2023-04-14 13:33:46 - [32minfo[39m: [32mServer listening on port: 3000[39m
2023-04-14 13:33:51 - [32minfo[39m: [32mConnected to Database![39m
2023-04-14 13:33:51 - [32minfo[39m: [32mServer listening on port: 3000[39m
2023-04-14 13:34:38 - [35mhttp[39m: [35mPUT /api/movie/6438ec8469fb902cc8bb6ad2 404 173 - 2.653 ms[39m
[35m[39m
2023-04-14 13:35:34 - [32minfo[39m: [32mConnected to Database![39m
2023-04-14 13:35:34 - [32minfo[39m: [32mServer listening on port: 3000[39m
2023-04-14 13:35:35 - [35mhttp[39m: [35mPUT /api/movie/6438ec8469fb902cc8bb6ad2 404 173 - 2.175 ms[39m
[35m[39m
2023-04-14 13:35:44 - [35mhttp[39m: [35mGET /api/movies 200 2740 - 46.426 ms[39m
[35m[39m
2023-04-14 13:35:59 - [35mhttp[39m: [35mPUT /api/movie/6438ecc169fb902cc8bb6ad4 404 173 - 0.831 ms[39m
[35m[39m
2023-04-14 13:36:11 - [32minfo[39m: [32mConnected to Database![39m
2023-04-14 13:36:11 - [32minfo[39m: [32mServer listening on port: 3000[39m
2023-04-14 13:36:12 - [32minfo[39m: [32mConnected to Database![39m
2023-04-14 13:36:12 - [32minfo[39m: [32mServer listening on port: 3000[39m
2023-04-14 13:36:14 - [35mhttp[39m: [35mPATCH /api/movie/6438ecc169fb902cc8bb6ad4 404 175 - 2.411 ms[39m
[35m[39m
2023-04-14 13:36:50 - [32minfo[39m: [32mConnected to Database![39m
2023-04-14 13:36:50 - [32minfo[39m: [32mServer listening on port: 3000[39m
2023-04-14 13:37:08 - [35mhttp[39m: [35mPATCH /api/movie/6438ecc169fb902cc8bb6ad4 404 175 - 2.630 ms[39m
[35m[39m
2023-04-14 13:37:45 - [32minfo[39m: [32mConnected to Database![39m
2023-04-14 13:37:45 - [32minfo[39m: [32mServer listening on port: 3000[39m
2023-04-14 13:37:52 - [32minfo[39m: [32mConnected to Database![39m
2023-04-14 13:37:52 - [32minfo[39m: [32mServer listening on port: 3000[39m
2023-04-14 13:38:00 - [32minfo[39m: [32mConnected to Database![39m
2023-04-14 13:38:00 - [32minfo[39m: [32mServer listening on port: 3000[39m
2023-04-14 13:38:02 - [32minfo[39m: [32mConnected to Database![39m
2023-04-14 13:38:02 - [32minfo[39m: [32mServer listening on port: 3000[39m
2023-04-14 13:38:04 - [32minfo[39m: [32mConnected to Database![39m
2023-04-14 13:38:04 - [32minfo[39m: [32mServer listening on port: 3000[39m
2023-04-14 13:38:38 - [32minfo[39m: [32mConnected to Database![39m
2023-04-14 13:38:38 - [32minfo[39m: [32mServer listening on port: 3000[39m
2023-04-14 13:38:40 - [32minfo[39m: [32mConnected to Database![39m
2023-04-14 13:38:40 - [32minfo[39m: [32mServer listening on port: 3000[39m
2023-04-14 13:38:43 - [32minfo[39m: [32mConnected to Database![39m
2023-04-14 13:38:43 - [32minfo[39m: [32mServer listening on port: 3000[39m
2023-04-14 13:38:46 - [32minfo[39m: [32mConnected to Database![39m
2023-04-14 13:38:46 - [32minfo[39m: [32mServer listening on port: 3000[39m
2023-04-14 13:38:49 - [32minfo[39m: [32mConnected to Database![39m
2023-04-14 13:38:49 - [32minfo[39m: [32mServer listening on port: 3000[39m
2023-04-14 13:38:50 - [32minfo[39m: [32mConnected to Database![39m
2023-04-14 13:38:50 - [32minfo[39m: [32mServer listening on port: 3000[39m
2023-04-14 13:39:24 - [32minfo[39m: [32mConnected to Database![39m
2023-04-14 13:39:24 - [32minfo[39m: [32mServer listening on port: 3000[39m
2023-04-14 13:39:37 - [35mhttp[39m: [35mPATCH /api/movie/6438ecc169fb902cc8bb6ad3 404 35 - 36.594 ms[39m
[35m[39m
2023-04-14 13:39:42 - [35mhttp[39m: [35mPATCH /api/movie/6438ecc169fb902cc8bb6ad4 404 35 - 51.841 ms[39m
[35m[39m
2023-04-14 13:39:59 - [32minfo[39m: [32mConnected to Database![39m
2023-04-14 13:39:59 - [32minfo[39m: [32mServer listening on port: 3000[39m
2023-04-14 13:40:03 - [32minfo[39m: [32mConnected to Database![39m
2023-04-14 13:40:03 - [32minfo[39m: [32mServer listening on port: 3000[39m
2023-04-14 13:40:06 - [32minfo[39m: [32mConnected to Database![39m
2023-04-14 13:40:06 - [32minfo[39m: [32mServer listening on port: 3000[39m
2023-04-14 13:40:08 - [32minfo[39m: [32mConnected to Database![39m
2023-04-14 13:40:08 - [32minfo[39m: [32mServer listening on port: 3000[39m
2023-04-14 13:40:15 - [32minfo[39m: [32mConnected to Database![39m
2023-04-14 13:40:15 - [32minfo[39m: [32mServer listening on port: 3000[39m
2023-04-14 13:40:16 - [32minfo[39m: [32mConnected to Database![39m
2023-04-14 13:40:16 - [32minfo[39m: [32mServer listening on port: 3000[39m
2023-04-14 13:40:23 - [32minfo[39m: [32mConnected to Database![39m
2023-04-14 13:40:23 - [32minfo[39m: [32mServer listening on port: 3000[39m
2023-04-14 13:40:31 - [32minfo[39m: [32mConnected to Database![39m
2023-04-14 13:40:31 - [32minfo[39m: [32mServer listening on port: 3000[39m
2023-04-14 13:42:35 - [35mhttp[39m: [35mPATCH /api/movie/6438f158535f6e7df5cfdef3 200 246 - 83.705 ms[39m
[35m[39m
2023-04-14 13:42:44 - [35mhttp[39m: [35mGET /api/movies 200 2753 - 36.189 ms[39m
[35m[39m
2023-04-14 13:42:52 - [35mhttp[39m: [35mGET /api//movie/6438f158535f6e7df5cfdef3 200 357 - 30.437 ms[39m
[35m[39m
2023-04-14 13:43:46 - [32minfo[39m: [32mConnected to Database![39m
2023-04-14 13:43:46 - [32minfo[39m: [32mServer listening on port: 3000[39m
2023-04-14 13:45:40 - [32minfo[39m: [32mConnected to Database![39m
2023-04-14 13:45:40 - [32minfo[39m: [32mServer listening on port: 3000[39m
2023-04-14 13:47:40 - [32minfo[39m: [32mConnected to Database![39m
2023-04-14 13:47:40 - [32minfo[39m: [32mServer listening on port: 3000[39m
2023-04-14 13:48:29 - [32minfo[39m: [32mConnected to Database![39m
2023-04-14 13:48:29 - [32minfo[39m: [32mServer listening on port: 3000[39m
2023-04-14 13:49:16 - [35mhttp[39m: [35mPOST /api//movie 201 347 - 72.560 ms[39m
[35m[39m
2023-04-14 13:49:43 - [35mhttp[39m: [35mGET /api//movie/6439bc4c46300379337e8967 200 347 - 35.527 ms[39m
[35m[39m
2023-04-14 13:49:47 - [35mhttp[39m: [35mGET /api//movie/6439bc4c46300379337e896 404 44 - 0.480 ms[39m
[35m[39m
2023-04-14 13:49:52 - [35mhttp[39m: [35mGET /api//movie/6439bc4c46300379337e8966 404 28 - 27.911 ms[39m
[35m[39m
2023-04-14 13:49:56 - [35mhttp[39m: [35mGET /api//movie/6439bc4c46300379337e8967 200 347 - 40.789 ms[39m
[35m[39m
2023-04-14 13:50:05 - [35mhttp[39m: [35mGET /api/movies 200 3101 - 36.893 ms[39m
[35m[39m
2023-04-14 13:50:37 - [32minfo[39m: [32mConnected to Database![39m
2023-04-14 13:50:37 - [32minfo[39m: [32mServer listening on port: 3000[39m
2023-04-14 13:50:54 - [32minfo[39m: [32mConnected to Database![39m
2023-04-14 13:50:54 - [32minfo[39m: [32mServer listening on port: 3000[39m
2023-04-14 13:50:56 - [32minfo[39m: [32mConnected to Database![39m
2023-04-14 13:50:56 - [32minfo[39m: [32mServer listening on port: 3000[39m
2023-04-14 14:24:31 - [32minfo[39m: [32mConnected to Database![39m
2023-04-14 14:24:31 - [32minfo[39m: [32mServer listening on port: 3000[39m
2023-04-14 14:24:40 - [35mhttp[39m: [35mGET /api/movies 200 3101 - 47.236 ms[39m
[35m[39m
2023-04-14 14:25:41 - [32minfo[39m: [32mConnected to Database![39m
2023-04-14 14:25:41 - [32minfo[39m: [32mServer listening on port: 3000[39m
2023-04-14 14:25:44 - [32minfo[39m: [32mConnected to Database![39m
2023-04-14 14:25:44 - [32minfo[39m: [32mServer listening on port: 3000[39m
2023-04-14 14:25:56 - [32minfo[39m: [32mConnected to Database![39m
2023-04-14 14:25:56 - [32minfo[39m: [32mServer listening on port: 3000[39m
2023-04-14 14:26:07 - [32minfo[39m: [32mConnected to Database: [39m
2023-04-14 14:26:07 - [32minfo[39m: [32mServer listening on port: 3000[39m
2023-04-14 14:26:09 - [32minfo[39m: [32mConnected to Database: [39m
2023-04-14 14:26:09 - [32minfo[39m: [32mServer listening on port: 3000[39m
2023-04-14 14:26:18 - [31merror[39m: [31mConnection failure[39m
2023-04-14 14:26:21 - [32minfo[39m: [32mConnected to Database: [39m
2023-04-14 14:26:21 - [32minfo[39m: [32mServer listening on port: 3000[39m
2023-04-14 14:26:24 - [32minfo[39m: [32mConnected to Database: [39m
2023-04-14 14:26:24 - [32minfo[39m: [32mServer listening on port: 3000[39m
2023-04-14 14:26:26 - [31merror[39m: [31mConnection failure[39m
2023-04-14 14:26:29 - [31merror[39m: [31mConnection failure[39m
2023-04-14 14:27:27 - [32minfo[39m: [32mConnected to Database: [39m
2023-04-14 14:27:27 - [32minfo[39m: [32mServer listening on port: 3000[39m
2023-04-14 14:27:52 - [32minfo[39m: [32mConnected to Database![39m
2023-04-14 14:27:52 - [32minfo[39m: [32mServer listening on port: 3000[39m
